{"D:\\GIT\\EBAC\\JS\\Desafio\\usuario.js": {"path":"D:\\GIT\\EBAC\\JS\\Desafio\\usuario.js","statementMap":{"0":{"start":{"line":3,"column":16},"end":{"line":8,"column":1}},"1":{"start":{"line":12,"column":24},"end":{"line":17,"column":1}},"2":{"start":{"line":30,"column":4},"end":{"line":32,"column":5}},"3":{"start":{"line":31,"column":8},"end":{"line":31,"column":20}},"4":{"start":{"line":33,"column":4},"end":{"line":33,"column":17}},"5":{"start":{"line":39,"column":4},"end":{"line":41,"column":5}},"6":{"start":{"line":40,"column":8},"end":{"line":40,"column":20}},"7":{"start":{"line":42,"column":4},"end":{"line":42,"column":17}},"8":{"start":{"line":54,"column":4},"end":{"line":54,"column":24}},"9":{"start":{"line":62,"column":23},"end":{"line":62,"column":57}},"10":{"start":{"line":63,"column":24},"end":{"line":63,"column":51}},"11":{"start":{"line":64,"column":18},"end":{"line":64,"column":39}},"12":{"start":{"line":68,"column":4},"end":{"line":68,"column":45}},"13":{"start":{"line":80,"column":0},"end":{"line":80,"column":58}},"14":{"start":{"line":81,"column":0},"end":{"line":81,"column":66}},"15":{"start":{"line":86,"column":0},"end":{"line":91,"column":1}}},"fnMap":{"0":{"name":"verificarMaiorIdade","decl":{"start":{"line":29,"column":9},"end":{"line":29,"column":28}},"loc":{"start":{"line":29,"column":36},"end":{"line":34,"column":1}},"line":29},"1":{"name":"validarEmail","decl":{"start":{"line":38,"column":9},"end":{"line":38,"column":21}},"loc":{"start":{"line":38,"column":29},"end":{"line":43,"column":1}},"line":38},"2":{"name":"usuarioAtivo","decl":{"start":{"line":53,"column":9},"end":{"line":53,"column":21}},"loc":{"start":{"line":53,"column":31},"end":{"line":56,"column":1}},"line":53},"3":{"name":"validarCadastro","decl":{"start":{"line":60,"column":9},"end":{"line":60,"column":24}},"loc":{"start":{"line":60,"column":34},"end":{"line":69,"column":1}},"line":60}},"branchMap":{"0":{"loc":{"start":{"line":30,"column":4},"end":{"line":32,"column":5}},"type":"if","locations":[{"start":{"line":30,"column":4},"end":{"line":32,"column":5}},{"start":{},"end":{}}],"line":30},"1":{"loc":{"start":{"line":39,"column":4},"end":{"line":41,"column":5}},"type":"if","locations":[{"start":{"line":39,"column":4},"end":{"line":41,"column":5}},{"start":{},"end":{}}],"line":39},"2":{"loc":{"start":{"line":68,"column":11},"end":{"line":68,"column":45}},"type":"binary-expr","locations":[{"start":{"line":68,"column":11},"end":{"line":68,"column":21}},{"start":{"line":68,"column":25},"end":{"line":68,"column":36}},{"start":{"line":68,"column":40},"end":{"line":68,"column":45}}],"line":68}},"s":{"0":1,"1":1,"2":11,"3":5,"4":6,"5":11,"6":4,"7":7,"8":11,"9":9,"10":9,"11":9,"12":9,"13":1,"14":1,"15":1},"f":{"0":11,"1":11,"2":11,"3":9},"b":{"0":[5,6],"1":[4,7],"2":[9,4,3]},"_coverageSchema":"1a1c01bbd47fc00a2c39e90264f33305004495a9","hash":"bbd22c0390fc5a663d8af8808b34a8806f8a7161"}
,"D:\\GIT\\EBAC\\JS\\aulas\\acesso-evento.js": {"path":"D:\\GIT\\EBAC\\JS\\aulas\\acesso-evento.js","statementMap":{"0":{"start":{"line":2,"column":4},"end":{"line":4,"column":5}},"1":{"start":{"line":3,"column":8},"end":{"line":3,"column":33}},"2":{"start":{"line":5,"column":4},"end":{"line":5,"column":27}},"3":{"start":{"line":8,"column":0},"end":{"line":8,"column":38}}},"fnMap":{"0":{"name":"podeAcessarEvento","decl":{"start":{"line":1,"column":9},"end":{"line":1,"column":26}},"loc":{"start":{"line":1,"column":49},"end":{"line":6,"column":1}},"line":1}},"branchMap":{"0":{"loc":{"start":{"line":2,"column":4},"end":{"line":4,"column":5}},"type":"if","locations":[{"start":{"line":2,"column":4},"end":{"line":4,"column":5}},{"start":{},"end":{}}],"line":2},"1":{"loc":{"start":{"line":2,"column":7},"end":{"line":2,"column":36}},"type":"binary-expr","locations":[{"start":{"line":2,"column":7},"end":{"line":2,"column":18}},{"start":{"line":2,"column":22},"end":{"line":2,"column":36}}],"line":2}},"s":{"0":4,"1":1,"2":3,"3":1},"f":{"0":4},"b":{"0":[1,3],"1":[4,2]},"_coverageSchema":"1a1c01bbd47fc00a2c39e90264f33305004495a9","hash":"a4490b3a2e95f5da63bb0a61b2dbc1cb0a3cda17"}
,"D:\\GIT\\EBAC\\JS\\aulas\\calculadora.js": {"path":"D:\\GIT\\EBAC\\JS\\aulas\\calculadora.js","statementMap":{"0":{"start":{"line":3,"column":8},"end":{"line":3,"column":20}},"1":{"start":{"line":7,"column":8},"end":{"line":9,"column":9}},"2":{"start":{"line":8,"column":12},"end":{"line":8,"column":35}},"3":{"start":{"line":10,"column":8},"end":{"line":10,"column":21}},"4":{"start":{"line":14,"column":8},"end":{"line":14,"column":21}},"5":{"start":{"line":18,"column":8},"end":{"line":18,"column":22}},"6":{"start":{"line":22,"column":8},"end":{"line":28,"column":9}},"7":{"start":{"line":23,"column":12},"end":{"line":25,"column":13}},"8":{"start":{"line":24,"column":16},"end":{"line":24,"column":40}},"9":{"start":{"line":26,"column":12},"end":{"line":26,"column":20}},"10":{"start":{"line":27,"column":12},"end":{"line":27,"column":35}},"11":{"start":{"line":29,"column":8},"end":{"line":29,"column":28}},"12":{"start":{"line":34,"column":8},"end":{"line":34,"column":21}},"13":{"start":{"line":38,"column":8},"end":{"line":40,"column":9}},"14":{"start":{"line":39,"column":12},"end":{"line":39,"column":24}},"15":{"start":{"line":41,"column":8},"end":{"line":41,"column":20}},"16":{"start":{"line":44,"column":14},"end":{"line":51,"column":5}},"17":{"start":{"line":54,"column":8},"end":{"line":56,"column":9}},"18":{"start":{"line":55,"column":12},"end":{"line":55,"column":41}},"19":{"start":{"line":57,"column":8},"end":{"line":57,"column":33}},"20":{"start":{"line":61,"column":20},"end":{"line":69,"column":10}},"21":{"start":{"line":71,"column":8},"end":{"line":82,"column":9}},"22":{"start":{"line":72,"column":12},"end":{"line":72,"column":41}},"23":{"start":{"line":74,"column":23},"end":{"line":74,"column":59}},"24":{"start":{"line":75,"column":12},"end":{"line":75,"column":34}},"25":{"start":{"line":76,"column":23},"end":{"line":76,"column":58}},"26":{"start":{"line":77,"column":12},"end":{"line":77,"column":34}},"27":{"start":{"line":79,"column":12},"end":{"line":81,"column":13}},"28":{"start":{"line":87,"column":0},"end":{"line":87,"column":34}}},"fnMap":{"0":{"name":"(anonymous_0)","decl":{"start":{"line":2,"column":4},"end":{"line":2,"column":5}},"loc":{"start":{"line":2,"column":16},"end":{"line":4,"column":5}},"line":2},"1":{"name":"(anonymous_1)","decl":{"start":{"line":6,"column":4},"end":{"line":6,"column":5}},"loc":{"start":{"line":6,"column":18},"end":{"line":11,"column":5}},"line":6},"2":{"name":"(anonymous_2)","decl":{"start":{"line":13,"column":4},"end":{"line":13,"column":5}},"loc":{"start":{"line":13,"column":22},"end":{"line":15,"column":5}},"line":13},"3":{"name":"(anonymous_3)","decl":{"start":{"line":17,"column":4},"end":{"line":17,"column":5}},"loc":{"start":{"line":17,"column":22},"end":{"line":19,"column":5}},"line":17},"4":{"name":"(anonymous_4)","decl":{"start":{"line":21,"column":4},"end":{"line":21,"column":5}},"loc":{"start":{"line":21,"column":15},"end":{"line":30,"column":5}},"line":21},"5":{"name":"(anonymous_5)","decl":{"start":{"line":32,"column":4},"end":{"line":32,"column":5}},"loc":{"start":{"line":32,"column":20},"end":{"line":35,"column":5}},"line":32},"6":{"name":"(anonymous_6)","decl":{"start":{"line":37,"column":4},"end":{"line":37,"column":5}},"loc":{"start":{"line":37,"column":24},"end":{"line":42,"column":5}},"line":37},"7":{"name":"(anonymous_7)","decl":{"start":{"line":53,"column":4},"end":{"line":53,"column":5}},"loc":{"start":{"line":53,"column":22},"end":{"line":58,"column":5}},"line":53},"8":{"name":"(anonymous_8)","decl":{"start":{"line":60,"column":4},"end":{"line":60,"column":5}},"loc":{"start":{"line":60,"column":22},"end":{"line":83,"column":5}},"line":60}},"branchMap":{"0":{"loc":{"start":{"line":7,"column":8},"end":{"line":9,"column":9}},"type":"if","locations":[{"start":{"line":7,"column":8},"end":{"line":9,"column":9}},{"start":{},"end":{}}],"line":7},"1":{"loc":{"start":{"line":22,"column":8},"end":{"line":28,"column":9}},"type":"if","locations":[{"start":{"line":22,"column":8},"end":{"line":28,"column":9}},{"start":{},"end":{}}],"line":22},"2":{"loc":{"start":{"line":23,"column":12},"end":{"line":25,"column":13}},"type":"if","locations":[{"start":{"line":23,"column":12},"end":{"line":25,"column":13}},{"start":{},"end":{}}],"line":23},"3":{"loc":{"start":{"line":38,"column":8},"end":{"line":40,"column":9}},"type":"if","locations":[{"start":{"line":38,"column":8},"end":{"line":40,"column":9}},{"start":{},"end":{}}],"line":38},"4":{"loc":{"start":{"line":38,"column":12},"end":{"line":38,"column":32}},"type":"binary-expr","locations":[{"start":{"line":38,"column":12},"end":{"line":38,"column":20}},{"start":{"line":38,"column":24},"end":{"line":38,"column":32}}],"line":38},"5":{"loc":{"start":{"line":54,"column":8},"end":{"line":56,"column":9}},"type":"if","locations":[{"start":{"line":54,"column":8},"end":{"line":56,"column":9}},{"start":{},"end":{}}],"line":54},"6":{"loc":{"start":{"line":71,"column":8},"end":{"line":82,"column":9}},"type":"if","locations":[{"start":{"line":71,"column":8},"end":{"line":82,"column":9}},{"start":{"line":73,"column":13},"end":{"line":82,"column":9}}],"line":71},"7":{"loc":{"start":{"line":71,"column":11},"end":{"line":71,"column":51}},"type":"binary-expr","locations":[{"start":{"line":71,"column":11},"end":{"line":71,"column":23}},{"start":{"line":71,"column":28},"end":{"line":71,"column":37}},{"start":{"line":71,"column":41},"end":{"line":71,"column":50}}],"line":71}},"s":{"0":2,"1":4,"2":2,"3":2,"4":2,"5":2,"6":6,"7":4,"8":2,"9":2,"10":2,"11":2,"12":2,"13":12,"14":2,"15":10,"16":1,"17":10,"18":9,"19":1,"20":0,"21":0,"22":0,"23":0,"24":0,"25":0,"26":0,"27":0,"28":1},"f":{"0":2,"1":4,"2":2,"3":2,"4":6,"5":2,"6":12,"7":10,"8":0},"b":{"0":[2,2],"1":[4,2],"2":[2,2],"3":[2,10],"4":[12,10],"5":[9,1],"6":[0,0],"7":[0,0,0]},"_coverageSchema":"1a1c01bbd47fc00a2c39e90264f33305004495a9","hash":"f05cdd2e82a0aa7199e621a2703da6c0498a025b"}
,"D:\\GIT\\EBAC\\JS\\aulas\\pode-votar.js": {"path":"D:\\GIT\\EBAC\\JS\\aulas\\pode-votar.js","statementMap":{"0":{"start":{"line":10,"column":4},"end":{"line":10,"column":66}},"1":{"start":{"line":10,"column":50},"end":{"line":10,"column":66}},"2":{"start":{"line":13,"column":4},"end":{"line":13,"column":56}},"3":{"start":{"line":13,"column":35},"end":{"line":13,"column":56}},"4":{"start":{"line":16,"column":4},"end":{"line":16,"column":25}},"5":{"start":{"line":19,"column":0},"end":{"line":19,"column":35}}},"fnMap":{"0":{"name":"avaliarVotacao","decl":{"start":{"line":8,"column":9},"end":{"line":8,"column":23}},"loc":{"start":{"line":8,"column":56},"end":{"line":17,"column":1}},"line":8}},"branchMap":{"0":{"loc":{"start":{"line":10,"column":4},"end":{"line":10,"column":66}},"type":"if","locations":[{"start":{"line":10,"column":4},"end":{"line":10,"column":66}},{"start":{},"end":{}}],"line":10},"1":{"loc":{"start":{"line":10,"column":7},"end":{"line":10,"column":48}},"type":"binary-expr","locations":[{"start":{"line":10,"column":7},"end":{"line":10,"column":20}},{"start":{"line":10,"column":24},"end":{"line":10,"column":34}},{"start":{"line":10,"column":38},"end":{"line":10,"column":48}}],"line":10},"2":{"loc":{"start":{"line":13,"column":4},"end":{"line":13,"column":56}},"type":"if","locations":[{"start":{"line":13,"column":4},"end":{"line":13,"column":56}},{"start":{},"end":{}}],"line":13},"3":{"loc":{"start":{"line":13,"column":7},"end":{"line":13,"column":33}},"type":"binary-expr","locations":[{"start":{"line":13,"column":7},"end":{"line":13,"column":18}},{"start":{"line":13,"column":22},"end":{"line":13,"column":33}}],"line":13}},"s":{"0":15,"1":10,"2":5,"3":2,"4":3,"5":1},"f":{"0":15},"b":{"0":[10,5],"1":[15,10,6],"2":[2,3],"3":[5,3]},"_coverageSchema":"1a1c01bbd47fc00a2c39e90264f33305004495a9","hash":"b022733ee359a614ef55ab83ed8effc11779fde3"}
,"D:\\GIT\\EBAC\\JS\\aulas\\verificar-idade.js": {"path":"D:\\GIT\\EBAC\\JS\\aulas\\verificar-idade.js","statementMap":{"0":{"start":{"line":2,"column":19},"end":{"line":2,"column":21}},"1":{"start":{"line":4,"column":4},"end":{"line":6,"column":5}},"2":{"start":{"line":5,"column":8},"end":{"line":5,"column":32}},"3":{"start":{"line":7,"column":4},"end":{"line":7,"column":28}},"4":{"start":{"line":10,"column":0},"end":{"line":10,"column":36}}},"fnMap":{"0":{"name":"verificarIdade","decl":{"start":{"line":1,"column":9},"end":{"line":1,"column":23}},"loc":{"start":{"line":1,"column":30},"end":{"line":8,"column":1}},"line":1}},"branchMap":{"0":{"loc":{"start":{"line":4,"column":4},"end":{"line":6,"column":5}},"type":"if","locations":[{"start":{"line":4,"column":4},"end":{"line":6,"column":5}},{"start":{},"end":{}}],"line":4}},"s":{"0":2,"1":2,"2":1,"3":1,"4":1},"f":{"0":2},"b":{"0":[1,1]},"_coverageSchema":"1a1c01bbd47fc00a2c39e90264f33305004495a9","hash":"d0e69de4fb02084c7d37179cceae6eeb976910d4"}
}
