TN:
SF:Desafio\usuario.js
FN:29,verificarMaiorIdade
FN:38,validarEmail
FN:53,usuarioAtivo
FN:60,validarCadastro
FNF:4
FNH:4
FNDA:11,verificarMaiorIdade
FNDA:11,validarEmail
FNDA:11,usuarioAtivo
FNDA:9,validarCadastro
DA:3,1
DA:12,1
DA:30,11
DA:31,5
DA:33,6
DA:39,11
DA:40,4
DA:42,7
DA:54,11
DA:62,9
DA:63,9
DA:64,9
DA:68,9
DA:80,1
DA:81,1
DA:86,1
LF:16
LH:16
BRDA:30,0,0,5
BRDA:30,0,1,6
BRDA:39,1,0,4
BRDA:39,1,1,7
BRDA:68,2,0,9
BRDA:68,2,1,4
BRDA:68,2,2,3
BRF:7
BRH:7
end_of_record
TN:
SF:aulas\acesso-evento.js
FN:1,podeAcessarEvento
FNF:1
FNH:1
FNDA:4,podeAcessarEvento
DA:2,4
DA:3,1
DA:5,3
DA:8,1
LF:4
LH:4
BRDA:2,0,0,1
BRDA:2,0,1,3
BRDA:2,1,0,4
BRDA:2,1,1,2
BRF:4
BRH:4
end_of_record
TN:
SF:aulas\calculadora.js
FN:2,(anonymous_0)
FN:6,(anonymous_1)
FN:13,(anonymous_2)
FN:17,(anonymous_3)
FN:21,(anonymous_4)
FN:32,(anonymous_5)
FN:37,(anonymous_6)
FN:53,(anonymous_7)
FN:60,(anonymous_8)
FNF:9
FNH:8
FNDA:2,(anonymous_0)
FNDA:4,(anonymous_1)
FNDA:2,(anonymous_2)
FNDA:2,(anonymous_3)
FNDA:6,(anonymous_4)
FNDA:2,(anonymous_5)
FNDA:12,(anonymous_6)
FNDA:10,(anonymous_7)
FNDA:0,(anonymous_8)
DA:3,2
DA:7,4
DA:8,2
DA:10,2
DA:14,2
DA:18,2
DA:22,6
DA:23,4
DA:24,2
DA:26,2
DA:27,2
DA:29,2
DA:34,2
DA:38,12
DA:39,2
DA:41,10
DA:44,1
DA:54,10
DA:55,9
DA:57,1
DA:61,0
DA:71,0
DA:72,0
DA:74,0
DA:75,0
DA:76,0
DA:77,0
DA:79,0
DA:87,1
LF:29
LH:21
BRDA:7,0,0,2
BRDA:7,0,1,2
BRDA:22,1,0,4
BRDA:22,1,1,2
BRDA:23,2,0,2
BRDA:23,2,1,2
BRDA:38,3,0,2
BRDA:38,3,1,10
BRDA:38,4,0,12
BRDA:38,4,1,10
BRDA:54,5,0,9
BRDA:54,5,1,1
BRDA:71,6,0,0
BRDA:71,6,1,0
BRDA:71,7,0,0
BRDA:71,7,1,0
BRDA:71,7,2,0
BRF:17
BRH:12
end_of_record
TN:
SF:aulas\pode-votar.js
FN:8,avaliarVotacao
FNF:1
FNH:1
FNDA:15,avaliarVotacao
DA:10,15
DA:13,5
DA:16,3
DA:19,1
LF:4
LH:4
BRDA:10,0,0,10
BRDA:10,0,1,5
BRDA:10,1,0,15
BRDA:10,1,1,10
BRDA:10,1,2,6
BRDA:13,2,0,2
BRDA:13,2,1,3
BRDA:13,3,0,5
BRDA:13,3,1,3
BRF:9
BRH:9
end_of_record
TN:
SF:aulas\verificar-idade.js
FN:1,verificarIdade
FNF:1
FNH:1
FNDA:2,verificarIdade
DA:2,2
DA:4,2
DA:5,1
DA:7,1
DA:10,1
LF:5
LH:5
BRDA:4,0,0,1
BRDA:4,0,1,1
BRF:2
BRH:2
end_of_record
